<?xml version="1.0" encoding="UTF-8"?>
<!-- Generated by org.testng.reporters.JUnitReportReporter -->
<testsuite hostname="DESKTOP-HILFICR" failures="0" tests="1" name="TestCase.LoginTestCase" time="11.542" errors="0" timestamp="2022-12-10T23:14:00 IST" skipped="0">
  <testcase classname="TestCase.LoginTestCase" name="LoginTest" time="11.542"/>
  <system-out/>
</testsuite> <!-- TestCase.LoginTestCase -->
