<?xml version="1.0" encoding="UTF-8"?>
<!-- Generated by org.testng.reporters.JUnitReportReporter -->
<testsuite hostname="DESKTOP-HILFICR" failures="0" tests="1" name="TestCase.BrowserLaunchTest" time="30.132" errors="0" timestamp="2022-12-07T17:09:02 IST" skipped="0">
  <testcase classname="TestCase.BrowserLaunchTest" name="method1" time="30.132"/>
  <system-out/>
</testsuite> <!-- TestCase.BrowserLaunchTest -->
